<?xml version="1.0" encoding="UTF-8"?>
<!-- Generated by org.testng.reporters.JUnitXMLReporter -->
<testsuite ignored="0" hostname="Clements-MacBook-Pro.local" failures="1" tests="4" name="Test" time="10.662" errors="0" timestamp="2023-11-08T21:07:49 GMT">
  <testcase classname="assignment4.GoogleSearchTest" name="testButtons" time="2.263"/>
  <testcase classname="assignment4.GoogleSearchTest" name="testGoogleLogo" time="0.648"/>
  <testcase classname="assignment4.GoogleSearchTest" name="testSearchTextBox" time="0.514"/>
  <testcase classname="assignment4.GoogleSearchTest" name="testURL" time="0.0">
    <failure type="org.testng.TestNGException" message="
Parameter &amp;apos;url&amp;apos; is required by @Test on method testURL but has not been marked @Optional or defined
in /Users/clementantonydassselvaraj/eclipse-workspace/Comprehensive/src/test/java/assignment4/testng.xml">
      <![CDATA[org.testng.TestNGException: 
Parameter 'url' is required by @Test on method testURL but has not been marked @Optional or defined
in /Users/clementantonydassselvaraj/eclipse-workspace/Comprehensive/src/test/java/assignment4/testng.xml
at java.base/java.util.ArrayList.forEach(ArrayList.java:1596)
... Removed 26 stack frames]]>
    </failure>
  </testcase> <!-- testURL -->
</testsuite> <!-- Test -->
